Build started 1/6/2018 11:59:06 PM.
     1>Project "c:\Users\anik_islam0\documents\visual studio 2013\Projects\Project5\Project5\Project5.vcxproj" on node 2 (Build target(s)).
     1>ClCompile:
         D:\Local Disk C\Microsoft Visual Studio 12.0\VC\bin\CL.exe /c /ZI /nologo /W3 /WX- /sdl /Od /Oy- /D _MBCS /Gm /EHsc /RTC1 /MDd /GS /fp:precise /Zc:wchar_t /Zc:forScope /Fo"Debug\\" /Fd"Debug\vc120.pdb" /Gd /TP /analyze- /errorReport:prompt Source.cpp
         Source.cpp
       Link:
         D:\Local Disk C\Microsoft Visual Studio 12.0\VC\bin\link.exe /ERRORREPORT:PROMPT /OUT:"c:\users\anik_islam0\documents\visual studio 2013\Projects\Project5\Debug\Project5.exe" /INCREMENTAL /NOLOGO kernel32.lib user32.lib gdi32.lib winspool.lib comdlg32.lib advapi32.lib shell32.lib ole32.lib oleaut32.lib uuid.lib odbc32.lib odbccp32.lib /MANIFEST /MANIFESTUAC:"level='asInvoker' uiAccess='false'" /manifest:embed /DEBUG /PDB:"c:\users\anik_islam0\documents\visual studio 2013\Projects\Project5\Debug\Project5.pdb" /SUBSYSTEM:CONSOLE /TLBID:1 /DYNAMICBASE /NXCOMPAT /IMPLIB:"c:\users\anik_islam0\documents\visual studio 2013\Projects\Project5\Debug\Project5.lib" /MACHINE:X86 Debug\Source.obj
     1>LINK : fatal error LNK1104: cannot open file 'c:\users\anik_islam0\documents\visual studio 2013\Projects\Project5\Debug\Project5.exe'
     1>Done Building Project "c:\Users\anik_islam0\documents\visual studio 2013\Projects\Project5\Project5\Project5.vcxproj" (Build target(s)) -- FAILED.

Build FAILED.

Time Elapsed 00:00:00.28
