Build started 11/27/2017 11:54:55 PM.
     1>Project "C:\Users\Anik_Islam0\documents\visual studio 2012\Projects\iGraphicsTest\iGraphicsTest\iGraphicsTest.vcxproj" on node 2 (Build target(s)).
     1>ClCompile:
         D:\Local Disk C\Microsoft Visual Studio 11.0\VC\bin\CL.exe /c /ZI /nologo /W3 /WX- /Od /Oy- /D _MBCS /Gm /EHsc /RTC1 /MDd /GS /fp:precise /Zc:wchar_t /Zc:forScope /Fo"Debug\\" /Fd"Debug\vc110.pdb" /Gd /TP /analyze- /errorReport:prompt Test.cpp
         Test.cpp
     1>c:\users\anik_islam0\documents\visual studio 2012\projects\igraphicstest\igraphicstest\test.cpp(92): error C3861: 'iShowBMP2': identifier not found
     1>c:\users\anik_islam0\documents\visual studio 2012\projects\igraphicstest\igraphicstest\test.cpp(97): error C3861: 'iShowBMP2': identifier not found
     1>c:\users\anik_islam0\documents\visual studio 2012\projects\igraphicstest\igraphicstest\test.cpp(100): error C3861: 'iShowBMP2': identifier not found
     1>c:\users\anik_islam0\documents\visual studio 2012\projects\igraphicstest\igraphicstest\test.cpp(108): error C3861: 'iShowBMP2': identifier not found
     1>c:\users\anik_islam0\documents\visual studio 2012\projects\igraphicstest\igraphicstest\test.cpp(113): error C3861: 'iShowBMP2': identifier not found
     1>c:\users\anik_islam0\documents\visual studio 2012\projects\igraphicstest\igraphicstest\test.cpp(116): error C3861: 'iShowBMP2': identifier not found
     1>c:\users\anik_islam0\documents\visual studio 2012\projects\igraphicstest\igraphicstest\test.cpp(122): error C3861: 'iShowBMP2': identifier not found
     1>c:\users\anik_islam0\documents\visual studio 2012\projects\igraphicstest\igraphicstest\test.cpp(126): error C3861: 'iShowBMP2': identifier not found
     1>Done Building Project "C:\Users\Anik_Islam0\documents\visual studio 2012\Projects\iGraphicsTest\iGraphicsTest\iGraphicsTest.vcxproj" (Build target(s)) -- FAILED.

Build FAILED.

Time Elapsed 00:00:02.43
